

Version:	3.50
CmdLine:	C:\Proyectos\AdminADB\out\artifacts\AdminDB_jar\tere.exe --l4j-debug
JNI:		No
WOW64:		Yes
Working dir:	C:\Proyectos\AdminADB\out\artifacts\AdminDB_jar\.
Requires JDK:	No
Requires 64-Bit: No
Java min ver:	1.021.000
Java max ver:	
Substitute:	JAVA_HOME = C:\Program Files (x86)\Java\jre-1.8
Substitute:	PATH = C:\Program Files\Common Files\Oracle\Java\javapath;C:\Program Files (x86)\Common Files\Oracle\Java\java8path;C:\Program Files (x86)\Common Files\Oracle\Java\javapath;C:\oraclexe\app\oracle\product\11.2.0\server\bin;C:\WINDOWS\system32;C:\WINDOWS;C:\WINDOWS\System32\Wbem;C:\WINDOWS\System32\WindowsPowerShell\v1.0\;C:\WINDOWS\System32\OpenSSH\;C:\Program Files\dotnet\;C:\ProgramData\chocolatey\bin;C:\Program Files\nodejs\;C:\Program Files\Wondershare\Wondershare DemoCreator (Spanish);C:\Program Files\Git\cmd;%MAVEN_HOME%\bin;C:\Program Files\MySQL\MySQL Shell 8.0\bin\;C:\Users\Usuario\AppData\Local\Programs\Python\Python312\Scripts\;C:\Users\Usuario\AppData\Local\Programs\Python\Python312\;C:\Users\Usuario\AppData\Local\Programs\Python\Launcher\;C:\Users\Usuario\AppData\Local\Microsoft\WindowsApps;C:\Users\Usuario\AppData\Local\Programs\Microsoft VS Code\bin;C:\Users\Usuario\AppData\Roaming\npm;C:\Program Files (x86)\Java\jre-1.8\bin
JRE paths:	C:\Program Files (x86)\Java\jre-1.8;C:\Program Files\Common Files\Oracle\Java\javapath;C:\Program Files (x86)\Common Files\Oracle\Java\java8path;C:\Program Files (x86)\Common Files\Oracle\Java\javapath;C:\oraclexe\app\oracle\product\11.2.0\server\bin;C:\WINDOWS\system32;C:\WINDOWS;C:\WINDOWS\System32\Wbem;C:\WINDOWS\System32\WindowsPowerShell\v1.0\;C:\WINDOWS\System32\OpenSSH\;C:\Program Files\dotnet\;C:\ProgramData\chocolatey\bin;C:\Program Files\nodejs\;C:\Program Files\Wondershare\Wondershare DemoCreator (Spanish);C:\Program Files\Git\cmd;%MAVEN_HOME%\bin;C:\Program Files\MySQL\MySQL Shell 8.0\bin\;C:\Users\Usuario\AppData\Local\Programs\Python\Python312\Scripts\;C:\Users\Usuario\AppData\Local\Programs\Python\Python312\;C:\Users\Usuario\AppData\Local\Programs\Python\Launcher\;C:\Users\Usuario\AppData\Local\Microsoft\WindowsApps;C:\Users\Usuario\AppData\Local\Programs\Microsoft VS Code\bin;C:\Users\Usuario\AppData\Roaming\npm;C:\Program Files (x86)\Java\jre-1.8\bin
Check launcher:	C:\Program Files (x86)\Java\jre-1.8\bin\javaw.exe (OK)
Version string: 1.008.000_411 / 32-Bit (Ignore)
Check launcher:	C:\Program Files\Common Files\Oracle\Java\javapath\bin\javaw.exe (not found)
Check launcher:	C:\Program Files (x86)\Common Files\Oracle\Java\java8path\bin\javaw.exe (not found)
Check launcher:	C:\Program Files (x86)\Common Files\Oracle\Java\javapath\bin\javaw.exe (not found)
Check launcher:	C:\oraclexe\app\oracle\product\11.2.0\server\bin\javaw.exe (not found)
Check launcher:	C:\WINDOWS\system32\bin\javaw.exe (not found)
Check launcher:	C:\WINDOWS\bin\javaw.exe (not found)
Check launcher:	C:\WINDOWS\System32\Wbem\bin\javaw.exe (not found)
Check launcher:	C:\WINDOWS\System32\WindowsPowerShell\v1.0\bin\javaw.exe (not found)
Check launcher:	C:\WINDOWS\System32\OpenSSH\bin\javaw.exe (not found)
Check launcher:	C:\Program Files\dotnet\bin\javaw.exe (not found)
Check launcher:	C:\ProgramData\chocolatey\bin\javaw.exe (not found)
Check launcher:	C:\Program Files\nodejs\bin\javaw.exe (not found)
Check launcher:	C:\Program Files\Wondershare\Wondershare DemoCreator (Spanish)\bin\javaw.exe (not found)
Check launcher:	C:\Program Files\Git\cmd\bin\javaw.exe (not found)
Check launcher:	C:\Proyectos\AdminADB\out\artifacts\AdminDB_jar\%MAVEN_HOME%\bin\javaw.exe (not found)
Check launcher:	C:\Program Files\MySQL\MySQL Shell 8.0\bin\bin\javaw.exe (not found)
Check launcher:	C:\Users\Usuario\AppData\Local\Programs\Python\Python312\Scripts\bin\javaw.exe (not found)
Check launcher:	C:\Users\Usuario\AppData\Local\Programs\Python\Python312\bin\javaw.exe (not found)
Check launcher:	C:\Users\Usuario\AppData\Local\Programs\Python\Launcher\bin\javaw.exe (not found)
Check launcher:	C:\Users\Usuario\AppData\Local\Microsoft\WindowsApps\bin\javaw.exe (not found)
Check launcher:	C:\Users\Usuario\AppData\Local\Programs\Microsoft VS Code\bin\javaw.exe (not found)
Check launcher:	C:\Users\Usuario\AppData\Roaming\npm\bin\javaw.exe (not found)
Check launcher:	C:\Program Files (x86)\Java\jre-1.8\bin\javaw.exe (OK)
Version string: 1.008.000_411 / 32-Bit (Ignore)
64-bit search:	SOFTWARE\JavaSoft\Java Runtime Environment...
32-bit search:	SOFTWARE\JavaSoft\Java Runtime Environment...
Check:		SOFTWARE\JavaSoft\Java Runtime Environment\1.8
Version string: 1.008.000 / 32-Bit (Ignore)
Ignore:		1.008.000
Check:		SOFTWARE\JavaSoft\Java Runtime Environment\1.8.0_411
Version string: 1.008.000_411 / 32-Bit (Ignore)
Ignore:		1.008.000_411
64-bit search:	SOFTWARE\JavaSoft\Java Development Kit...
32-bit search:	SOFTWARE\JavaSoft\Java Development Kit...
64-bit search:	SOFTWARE\JavaSoft\JRE...
32-bit search:	SOFTWARE\JavaSoft\JRE...
64-bit search:	SOFTWARE\JavaSoft\JDK...
Check:		SOFTWARE\JavaSoft\JDK\21.0.3
Version string: 1.021.000_003 / 64-Bit (OK)
Check launcher:	C:\Program Files\Java\jdk-21\bin\javaw.exe (OK)
Match:		1.021.000_003
Runtime used:	1.021.000_003 (64-bit)
Launcher:	C:\Program Files\Java\jdk-21\bin\javaw.exe
Launcher args:	-jar "C:\Proyectos\AdminADB\out\artifacts\AdminDB_jar\tere.exe"
Args length:	63/32768 chars
Exit code:	0


Version:	3.50
CmdLine:	C:\Proyectos\AdminADB\out\artifacts\AdminDB_jar\tere.exe --l4j-debug
JNI:		No
WOW64:		Yes
Working dir:	C:\Proyectos\AdminADB\out\artifacts\AdminDB_jar\.
Requires JDK:	No
Requires 64-Bit: No
Java min ver:	1.021.000
Java max ver:	
Substitute:	JAVA_HOME = C:\Program Files (x86)\Java\jre-1.8
Substitute:	PATH = C:\Program Files\Common Files\Oracle\Java\javapath;C:\Program Files (x86)\Common Files\Oracle\Java\java8path;C:\Program Files (x86)\Common Files\Oracle\Java\javapath;C:\oraclexe\app\oracle\product\11.2.0\server\bin;C:\WINDOWS\system32;C:\WINDOWS;C:\WINDOWS\System32\Wbem;C:\WINDOWS\System32\WindowsPowerShell\v1.0\;C:\WINDOWS\System32\OpenSSH\;C:\Program Files\dotnet\;C:\ProgramData\chocolatey\bin;C:\Program Files\nodejs\;C:\Program Files\Wondershare\Wondershare DemoCreator (Spanish);C:\Program Files\Git\cmd;%MAVEN_HOME%\bin;C:\Program Files\MySQL\MySQL Shell 8.0\bin\;C:\Users\Usuario\AppData\Local\Programs\Python\Python312\Scripts\;C:\Users\Usuario\AppData\Local\Programs\Python\Python312\;C:\Users\Usuario\AppData\Local\Programs\Python\Launcher\;C:\Users\Usuario\AppData\Local\Microsoft\WindowsApps;C:\Users\Usuario\AppData\Local\Programs\Microsoft VS Code\bin;C:\Users\Usuario\AppData\Roaming\npm;C:\Program Files (x86)\Java\jre-1.8\bin
JRE paths:	C:\Program Files (x86)\Java\jre-1.8;C:\Program Files\Common Files\Oracle\Java\javapath;C:\Program Files (x86)\Common Files\Oracle\Java\java8path;C:\Program Files (x86)\Common Files\Oracle\Java\javapath;C:\oraclexe\app\oracle\product\11.2.0\server\bin;C:\WINDOWS\system32;C:\WINDOWS;C:\WINDOWS\System32\Wbem;C:\WINDOWS\System32\WindowsPowerShell\v1.0\;C:\WINDOWS\System32\OpenSSH\;C:\Program Files\dotnet\;C:\ProgramData\chocolatey\bin;C:\Program Files\nodejs\;C:\Program Files\Wondershare\Wondershare DemoCreator (Spanish);C:\Program Files\Git\cmd;%MAVEN_HOME%\bin;C:\Program Files\MySQL\MySQL Shell 8.0\bin\;C:\Users\Usuario\AppData\Local\Programs\Python\Python312\Scripts\;C:\Users\Usuario\AppData\Local\Programs\Python\Python312\;C:\Users\Usuario\AppData\Local\Programs\Python\Launcher\;C:\Users\Usuario\AppData\Local\Microsoft\WindowsApps;C:\Users\Usuario\AppData\Local\Programs\Microsoft VS Code\bin;C:\Users\Usuario\AppData\Roaming\npm;C:\Program Files (x86)\Java\jre-1.8\bin
Check launcher:	C:\Program Files (x86)\Java\jre-1.8\bin\javaw.exe (OK)
Version string: 1.008.000_411 / 32-Bit (Ignore)
Check launcher:	C:\Program Files\Common Files\Oracle\Java\javapath\bin\javaw.exe (not found)
Check launcher:	C:\Program Files (x86)\Common Files\Oracle\Java\java8path\bin\javaw.exe (not found)
Check launcher:	C:\Program Files (x86)\Common Files\Oracle\Java\javapath\bin\javaw.exe (not found)
Check launcher:	C:\oraclexe\app\oracle\product\11.2.0\server\bin\javaw.exe (not found)
Check launcher:	C:\WINDOWS\system32\bin\javaw.exe (not found)
Check launcher:	C:\WINDOWS\bin\javaw.exe (not found)
Check launcher:	C:\WINDOWS\System32\Wbem\bin\javaw.exe (not found)
Check launcher:	C:\WINDOWS\System32\WindowsPowerShell\v1.0\bin\javaw.exe (not found)
Check launcher:	C:\WINDOWS\System32\OpenSSH\bin\javaw.exe (not found)
Check launcher:	C:\Program Files\dotnet\bin\javaw.exe (not found)
Check launcher:	C:\ProgramData\chocolatey\bin\javaw.exe (not found)
Check launcher:	C:\Program Files\nodejs\bin\javaw.exe (not found)
Check launcher:	C:\Program Files\Wondershare\Wondershare DemoCreator (Spanish)\bin\javaw.exe (not found)
Check launcher:	C:\Program Files\Git\cmd\bin\javaw.exe (not found)
Check launcher:	C:\Proyectos\AdminADB\out\artifacts\AdminDB_jar\%MAVEN_HOME%\bin\javaw.exe (not found)
Check launcher:	C:\Program Files\MySQL\MySQL Shell 8.0\bin\bin\javaw.exe (not found)
Check launcher:	C:\Users\Usuario\AppData\Local\Programs\Python\Python312\Scripts\bin\javaw.exe (not found)
Check launcher:	C:\Users\Usuario\AppData\Local\Programs\Python\Python312\bin\javaw.exe (not found)
Check launcher:	C:\Users\Usuario\AppData\Local\Programs\Python\Launcher\bin\javaw.exe (not found)
Check launcher:	C:\Users\Usuario\AppData\Local\Microsoft\WindowsApps\bin\javaw.exe (not found)
Check launcher:	C:\Users\Usuario\AppData\Local\Programs\Microsoft VS Code\bin\javaw.exe (not found)
Check launcher:	C:\Users\Usuario\AppData\Roaming\npm\bin\javaw.exe (not found)
Check launcher:	C:\Program Files (x86)\Java\jre-1.8\bin\javaw.exe (OK)
Version string: 1.008.000_411 / 32-Bit (Ignore)
64-bit search:	SOFTWARE\JavaSoft\Java Runtime Environment...
32-bit search:	SOFTWARE\JavaSoft\Java Runtime Environment...
Check:		SOFTWARE\JavaSoft\Java Runtime Environment\1.8
Version string: 1.008.000 / 32-Bit (Ignore)
Ignore:		1.008.000
Check:		SOFTWARE\JavaSoft\Java Runtime Environment\1.8.0_411
Version string: 1.008.000_411 / 32-Bit (Ignore)
Ignore:		1.008.000_411
64-bit search:	SOFTWARE\JavaSoft\Java Development Kit...
32-bit search:	SOFTWARE\JavaSoft\Java Development Kit...
64-bit search:	SOFTWARE\JavaSoft\JRE...
32-bit search:	SOFTWARE\JavaSoft\JRE...
64-bit search:	SOFTWARE\JavaSoft\JDK...
Check:		SOFTWARE\JavaSoft\JDK\21.0.3
Version string: 1.021.000_003 / 64-Bit (OK)
Check launcher:	C:\Program Files\Java\jdk-21\bin\javaw.exe (OK)
Match:		1.021.000_003
Runtime used:	1.021.000_003 (64-bit)
Launcher:	C:\Program Files\Java\jdk-21\bin\javaw.exe
Launcher args:	-jar "C:\Proyectos\AdminADB\out\artifacts\AdminDB_jar\tere.exe"
Args length:	63/32768 chars
Exit code:	0


Version:	3.50
CmdLine:	C:\Proyectos\AdminADB\out\artifacts\AdminDB_jar\tere.exe --l4j-debug
JNI:		No
WOW64:		Yes
Working dir:	C:\Proyectos\AdminADB\out\artifacts\AdminDB_jar\.
Requires JDK:	No
Requires 64-Bit: No
Java min ver:	1.021.000
Java max ver:	
Substitute:	JAVA_HOME = C:\Program Files (x86)\Java\jre-1.8
Substitute:	PATH = C:\Program Files\Common Files\Oracle\Java\javapath;C:\Program Files (x86)\Common Files\Oracle\Java\java8path;C:\Program Files (x86)\Common Files\Oracle\Java\javapath;C:\oraclexe\app\oracle\product\11.2.0\server\bin;C:\WINDOWS\system32;C:\WINDOWS;C:\WINDOWS\System32\Wbem;C:\WINDOWS\System32\WindowsPowerShell\v1.0\;C:\WINDOWS\System32\OpenSSH\;C:\Program Files\dotnet\;C:\ProgramData\chocolatey\bin;C:\Program Files\nodejs\;C:\Program Files\Wondershare\Wondershare DemoCreator (Spanish);C:\Program Files\Git\cmd;%MAVEN_HOME%\bin;C:\Program Files\MySQL\MySQL Shell 8.0\bin\;C:\Users\Usuario\AppData\Local\Programs\Python\Python312\Scripts\;C:\Users\Usuario\AppData\Local\Programs\Python\Python312\;C:\Users\Usuario\AppData\Local\Programs\Python\Launcher\;C:\Users\Usuario\AppData\Local\Microsoft\WindowsApps;C:\Users\Usuario\AppData\Local\Programs\Microsoft VS Code\bin;C:\Users\Usuario\AppData\Roaming\npm;C:\Program Files (x86)\Java\jre-1.8\bin
JRE paths:	C:\Program Files (x86)\Java\jre-1.8;C:\Program Files\Common Files\Oracle\Java\javapath;C:\Program Files (x86)\Common Files\Oracle\Java\java8path;C:\Program Files (x86)\Common Files\Oracle\Java\javapath;C:\oraclexe\app\oracle\product\11.2.0\server\bin;C:\WINDOWS\system32;C:\WINDOWS;C:\WINDOWS\System32\Wbem;C:\WINDOWS\System32\WindowsPowerShell\v1.0\;C:\WINDOWS\System32\OpenSSH\;C:\Program Files\dotnet\;C:\ProgramData\chocolatey\bin;C:\Program Files\nodejs\;C:\Program Files\Wondershare\Wondershare DemoCreator (Spanish);C:\Program Files\Git\cmd;%MAVEN_HOME%\bin;C:\Program Files\MySQL\MySQL Shell 8.0\bin\;C:\Users\Usuario\AppData\Local\Programs\Python\Python312\Scripts\;C:\Users\Usuario\AppData\Local\Programs\Python\Python312\;C:\Users\Usuario\AppData\Local\Programs\Python\Launcher\;C:\Users\Usuario\AppData\Local\Microsoft\WindowsApps;C:\Users\Usuario\AppData\Local\Programs\Microsoft VS Code\bin;C:\Users\Usuario\AppData\Roaming\npm;C:\Program Files (x86)\Java\jre-1.8\bin
Check launcher:	C:\Program Files (x86)\Java\jre-1.8\bin\javaw.exe (OK)
Version string: 1.008.000_411 / 32-Bit (Ignore)
Check launcher:	C:\Program Files\Common Files\Oracle\Java\javapath\bin\javaw.exe (not found)
Check launcher:	C:\Program Files (x86)\Common Files\Oracle\Java\java8path\bin\javaw.exe (not found)
Check launcher:	C:\Program Files (x86)\Common Files\Oracle\Java\javapath\bin\javaw.exe (not found)
Check launcher:	C:\oraclexe\app\oracle\product\11.2.0\server\bin\javaw.exe (not found)
Check launcher:	C:\WINDOWS\system32\bin\javaw.exe (not found)
Check launcher:	C:\WINDOWS\bin\javaw.exe (not found)
Check launcher:	C:\WINDOWS\System32\Wbem\bin\javaw.exe (not found)
Check launcher:	C:\WINDOWS\System32\WindowsPowerShell\v1.0\bin\javaw.exe (not found)
Check launcher:	C:\WINDOWS\System32\OpenSSH\bin\javaw.exe (not found)
Check launcher:	C:\Program Files\dotnet\bin\javaw.exe (not found)
Check launcher:	C:\ProgramData\chocolatey\bin\javaw.exe (not found)
Check launcher:	C:\Program Files\nodejs\bin\javaw.exe (not found)
Check launcher:	C:\Program Files\Wondershare\Wondershare DemoCreator (Spanish)\bin\javaw.exe (not found)
Check launcher:	C:\Program Files\Git\cmd\bin\javaw.exe (not found)
Check launcher:	C:\Proyectos\AdminADB\out\artifacts\AdminDB_jar\%MAVEN_HOME%\bin\javaw.exe (not found)
Check launcher:	C:\Program Files\MySQL\MySQL Shell 8.0\bin\bin\javaw.exe (not found)
Check launcher:	C:\Users\Usuario\AppData\Local\Programs\Python\Python312\Scripts\bin\javaw.exe (not found)
Check launcher:	C:\Users\Usuario\AppData\Local\Programs\Python\Python312\bin\javaw.exe (not found)
Check launcher:	C:\Users\Usuario\AppData\Local\Programs\Python\Launcher\bin\javaw.exe (not found)
Check launcher:	C:\Users\Usuario\AppData\Local\Microsoft\WindowsApps\bin\javaw.exe (not found)
Check launcher:	C:\Users\Usuario\AppData\Local\Programs\Microsoft VS Code\bin\javaw.exe (not found)
Check launcher:	C:\Users\Usuario\AppData\Roaming\npm\bin\javaw.exe (not found)
Check launcher:	C:\Program Files (x86)\Java\jre-1.8\bin\javaw.exe (OK)
Version string: 1.008.000_411 / 32-Bit (Ignore)
64-bit search:	SOFTWARE\JavaSoft\Java Runtime Environment...
32-bit search:	SOFTWARE\JavaSoft\Java Runtime Environment...
Check:		SOFTWARE\JavaSoft\Java Runtime Environment\1.8
Version string: 1.008.000 / 32-Bit (Ignore)
Ignore:		1.008.000
Check:		SOFTWARE\JavaSoft\Java Runtime Environment\1.8.0_411
Version string: 1.008.000_411 / 32-Bit (Ignore)
Ignore:		1.008.000_411
64-bit search:	SOFTWARE\JavaSoft\Java Development Kit...
32-bit search:	SOFTWARE\JavaSoft\Java Development Kit...
64-bit search:	SOFTWARE\JavaSoft\JRE...
32-bit search:	SOFTWARE\JavaSoft\JRE...
64-bit search:	SOFTWARE\JavaSoft\JDK...
Check:		SOFTWARE\JavaSoft\JDK\21.0.3
Version string: 1.021.000_003 / 64-Bit (OK)
Check launcher:	C:\Program Files\Java\jdk-21\bin\javaw.exe (OK)
Match:		1.021.000_003
Runtime used:	1.021.000_003 (64-bit)
Launcher:	C:\Program Files\Java\jdk-21\bin\javaw.exe
Launcher args:	-jar "C:\Proyectos\AdminADB\out\artifacts\AdminDB_jar\tere.exe"
Args length:	63/32768 chars
Exit code:	0


Version:	3.50
CmdLine:	C:\Proyectos\AdminADB\out\artifacts\AdminDB_jar\tere.exe --l4j-debug
JNI:		No
WOW64:		Yes
Working dir:	C:\Proyectos\AdminADB\out\artifacts\AdminDB_jar\.
Requires JDK:	No
Requires 64-Bit: No
Java min ver:	1.021.000
Java max ver:	
Substitute:	JAVA_HOME = C:\Program Files (x86)\Java\jre-1.8
Substitute:	PATH = C:\Program Files\Common Files\Oracle\Java\javapath;C:\Program Files (x86)\Common Files\Oracle\Java\java8path;C:\Program Files (x86)\Common Files\Oracle\Java\javapath;C:\oraclexe\app\oracle\product\11.2.0\server\bin;C:\WINDOWS\system32;C:\WINDOWS;C:\WINDOWS\System32\Wbem;C:\WINDOWS\System32\WindowsPowerShell\v1.0\;C:\WINDOWS\System32\OpenSSH\;C:\Program Files\dotnet\;C:\ProgramData\chocolatey\bin;C:\Program Files\nodejs\;C:\Program Files\Wondershare\Wondershare DemoCreator (Spanish);C:\Program Files\Git\cmd;%MAVEN_HOME%\bin;C:\Program Files\MySQL\MySQL Shell 8.0\bin\;C:\Users\Usuario\AppData\Local\Programs\Python\Python312\Scripts\;C:\Users\Usuario\AppData\Local\Programs\Python\Python312\;C:\Users\Usuario\AppData\Local\Programs\Python\Launcher\;C:\Users\Usuario\AppData\Local\Microsoft\WindowsApps;C:\Users\Usuario\AppData\Local\Programs\Microsoft VS Code\bin;C:\Users\Usuario\AppData\Roaming\npm;C:\Program Files (x86)\Java\jre-1.8\bin
JRE paths:	C:\Program Files (x86)\Java\jre-1.8;C:\Program Files\Common Files\Oracle\Java\javapath;C:\Program Files (x86)\Common Files\Oracle\Java\java8path;C:\Program Files (x86)\Common Files\Oracle\Java\javapath;C:\oraclexe\app\oracle\product\11.2.0\server\bin;C:\WINDOWS\system32;C:\WINDOWS;C:\WINDOWS\System32\Wbem;C:\WINDOWS\System32\WindowsPowerShell\v1.0\;C:\WINDOWS\System32\OpenSSH\;C:\Program Files\dotnet\;C:\ProgramData\chocolatey\bin;C:\Program Files\nodejs\;C:\Program Files\Wondershare\Wondershare DemoCreator (Spanish);C:\Program Files\Git\cmd;%MAVEN_HOME%\bin;C:\Program Files\MySQL\MySQL Shell 8.0\bin\;C:\Users\Usuario\AppData\Local\Programs\Python\Python312\Scripts\;C:\Users\Usuario\AppData\Local\Programs\Python\Python312\;C:\Users\Usuario\AppData\Local\Programs\Python\Launcher\;C:\Users\Usuario\AppData\Local\Microsoft\WindowsApps;C:\Users\Usuario\AppData\Local\Programs\Microsoft VS Code\bin;C:\Users\Usuario\AppData\Roaming\npm;C:\Program Files (x86)\Java\jre-1.8\bin
Check launcher:	C:\Program Files (x86)\Java\jre-1.8\bin\javaw.exe (OK)
Version string: 1.008.000_411 / 32-Bit (Ignore)
Check launcher:	C:\Program Files\Common Files\Oracle\Java\javapath\bin\javaw.exe (not found)
Check launcher:	C:\Program Files (x86)\Common Files\Oracle\Java\java8path\bin\javaw.exe (not found)
Check launcher:	C:\Program Files (x86)\Common Files\Oracle\Java\javapath\bin\javaw.exe (not found)
Check launcher:	C:\oraclexe\app\oracle\product\11.2.0\server\bin\javaw.exe (not found)
Check launcher:	C:\WINDOWS\system32\bin\javaw.exe (not found)
Check launcher:	C:\WINDOWS\bin\javaw.exe (not found)
Check launcher:	C:\WINDOWS\System32\Wbem\bin\javaw.exe (not found)
Check launcher:	C:\WINDOWS\System32\WindowsPowerShell\v1.0\bin\javaw.exe (not found)
Check launcher:	C:\WINDOWS\System32\OpenSSH\bin\javaw.exe (not found)
Check launcher:	C:\Program Files\dotnet\bin\javaw.exe (not found)
Check launcher:	C:\ProgramData\chocolatey\bin\javaw.exe (not found)
Check launcher:	C:\Program Files\nodejs\bin\javaw.exe (not found)
Check launcher:	C:\Program Files\Wondershare\Wondershare DemoCreator (Spanish)\bin\javaw.exe (not found)
Check launcher:	C:\Program Files\Git\cmd\bin\javaw.exe (not found)
Check launcher:	C:\Proyectos\AdminADB\out\artifacts\AdminDB_jar\%MAVEN_HOME%\bin\javaw.exe (not found)
Check launcher:	C:\Program Files\MySQL\MySQL Shell 8.0\bin\bin\javaw.exe (not found)
Check launcher:	C:\Users\Usuario\AppData\Local\Programs\Python\Python312\Scripts\bin\javaw.exe (not found)
Check launcher:	C:\Users\Usuario\AppData\Local\Programs\Python\Python312\bin\javaw.exe (not found)
Check launcher:	C:\Users\Usuario\AppData\Local\Programs\Python\Launcher\bin\javaw.exe (not found)
Check launcher:	C:\Users\Usuario\AppData\Local\Microsoft\WindowsApps\bin\javaw.exe (not found)
Check launcher:	C:\Users\Usuario\AppData\Local\Programs\Microsoft VS Code\bin\javaw.exe (not found)
Check launcher:	C:\Users\Usuario\AppData\Roaming\npm\bin\javaw.exe (not found)
Check launcher:	C:\Program Files (x86)\Java\jre-1.8\bin\javaw.exe (OK)
Version string: 1.008.000_411 / 32-Bit (Ignore)
64-bit search:	SOFTWARE\JavaSoft\Java Runtime Environment...
32-bit search:	SOFTWARE\JavaSoft\Java Runtime Environment...
Check:		SOFTWARE\JavaSoft\Java Runtime Environment\1.8
Version string: 1.008.000 / 32-Bit (Ignore)
Ignore:		1.008.000
Check:		SOFTWARE\JavaSoft\Java Runtime Environment\1.8.0_411
Version string: 1.008.000_411 / 32-Bit (Ignore)
Ignore:		1.008.000_411
64-bit search:	SOFTWARE\JavaSoft\Java Development Kit...
32-bit search:	SOFTWARE\JavaSoft\Java Development Kit...
64-bit search:	SOFTWARE\JavaSoft\JRE...
32-bit search:	SOFTWARE\JavaSoft\JRE...
64-bit search:	SOFTWARE\JavaSoft\JDK...
Check:		SOFTWARE\JavaSoft\JDK\21.0.3
Version string: 1.021.000_003 / 64-Bit (OK)
Check launcher:	C:\Program Files\Java\jdk-21\bin\javaw.exe (OK)
Match:		1.021.000_003
Runtime used:	1.021.000_003 (64-bit)
Launcher:	C:\Program Files\Java\jdk-21\bin\javaw.exe
Launcher args:	-jar "C:\Proyectos\AdminADB\out\artifacts\AdminDB_jar\tere.exe"
Args length:	63/32768 chars
Exit code:	0


Version:	3.50
CmdLine:	C:\Proyectos\AdminADB\out\artifacts\AdminDB_jar\tere.exe --l4j-debug
JNI:		No
WOW64:		Yes
Working dir:	C:\Proyectos\AdminADB\out\artifacts\AdminDB_jar\.
Requires JDK:	No
Requires 64-Bit: No
Java min ver:	1.021.000
Java max ver:	
Substitute:	JAVA_HOME = C:\Program Files (x86)\Java\jre-1.8
Substitute:	PATH = C:\Program Files\Common Files\Oracle\Java\javapath;C:\Program Files (x86)\Common Files\Oracle\Java\java8path;C:\Program Files (x86)\Common Files\Oracle\Java\javapath;C:\oraclexe\app\oracle\product\11.2.0\server\bin;C:\WINDOWS\system32;C:\WINDOWS;C:\WINDOWS\System32\Wbem;C:\WINDOWS\System32\WindowsPowerShell\v1.0\;C:\WINDOWS\System32\OpenSSH\;C:\Program Files\dotnet\;C:\ProgramData\chocolatey\bin;C:\Program Files\nodejs\;C:\Program Files\Wondershare\Wondershare DemoCreator (Spanish);C:\Program Files\Git\cmd;%MAVEN_HOME%\bin;C:\Program Files\MySQL\MySQL Shell 8.0\bin\;C:\Users\Usuario\AppData\Local\Programs\Python\Python312\Scripts\;C:\Users\Usuario\AppData\Local\Programs\Python\Python312\;C:\Users\Usuario\AppData\Local\Programs\Python\Launcher\;C:\Users\Usuario\AppData\Local\Microsoft\WindowsApps;C:\Users\Usuario\AppData\Local\Programs\Microsoft VS Code\bin;C:\Users\Usuario\AppData\Roaming\npm;C:\Program Files (x86)\Java\jre-1.8\bin
JRE paths:	C:\Program Files (x86)\Java\jre-1.8;C:\Program Files\Common Files\Oracle\Java\javapath;C:\Program Files (x86)\Common Files\Oracle\Java\java8path;C:\Program Files (x86)\Common Files\Oracle\Java\javapath;C:\oraclexe\app\oracle\product\11.2.0\server\bin;C:\WINDOWS\system32;C:\WINDOWS;C:\WINDOWS\System32\Wbem;C:\WINDOWS\System32\WindowsPowerShell\v1.0\;C:\WINDOWS\System32\OpenSSH\;C:\Program Files\dotnet\;C:\ProgramData\chocolatey\bin;C:\Program Files\nodejs\;C:\Program Files\Wondershare\Wondershare DemoCreator (Spanish);C:\Program Files\Git\cmd;%MAVEN_HOME%\bin;C:\Program Files\MySQL\MySQL Shell 8.0\bin\;C:\Users\Usuario\AppData\Local\Programs\Python\Python312\Scripts\;C:\Users\Usuario\AppData\Local\Programs\Python\Python312\;C:\Users\Usuario\AppData\Local\Programs\Python\Launcher\;C:\Users\Usuario\AppData\Local\Microsoft\WindowsApps;C:\Users\Usuario\AppData\Local\Programs\Microsoft VS Code\bin;C:\Users\Usuario\AppData\Roaming\npm;C:\Program Files (x86)\Java\jre-1.8\bin
Check launcher:	C:\Program Files (x86)\Java\jre-1.8\bin\javaw.exe (OK)
Version string: 1.008.000_411 / 32-Bit (Ignore)
Check launcher:	C:\Program Files\Common Files\Oracle\Java\javapath\bin\javaw.exe (not found)
Check launcher:	C:\Program Files (x86)\Common Files\Oracle\Java\java8path\bin\javaw.exe (not found)
Check launcher:	C:\Program Files (x86)\Common Files\Oracle\Java\javapath\bin\javaw.exe (not found)
Check launcher:	C:\oraclexe\app\oracle\product\11.2.0\server\bin\javaw.exe (not found)
Check launcher:	C:\WINDOWS\system32\bin\javaw.exe (not found)
Check launcher:	C:\WINDOWS\bin\javaw.exe (not found)
Check launcher:	C:\WINDOWS\System32\Wbem\bin\javaw.exe (not found)
Check launcher:	C:\WINDOWS\System32\WindowsPowerShell\v1.0\bin\javaw.exe (not found)
Check launcher:	C:\WINDOWS\System32\OpenSSH\bin\javaw.exe (not found)
Check launcher:	C:\Program Files\dotnet\bin\javaw.exe (not found)
Check launcher:	C:\ProgramData\chocolatey\bin\javaw.exe (not found)
Check launcher:	C:\Program Files\nodejs\bin\javaw.exe (not found)
Check launcher:	C:\Program Files\Wondershare\Wondershare DemoCreator (Spanish)\bin\javaw.exe (not found)
Check launcher:	C:\Program Files\Git\cmd\bin\javaw.exe (not found)
Check launcher:	C:\Proyectos\AdminADB\out\artifacts\AdminDB_jar\%MAVEN_HOME%\bin\javaw.exe (not found)
Check launcher:	C:\Program Files\MySQL\MySQL Shell 8.0\bin\bin\javaw.exe (not found)
Check launcher:	C:\Users\Usuario\AppData\Local\Programs\Python\Python312\Scripts\bin\javaw.exe (not found)
Check launcher:	C:\Users\Usuario\AppData\Local\Programs\Python\Python312\bin\javaw.exe (not found)
Check launcher:	C:\Users\Usuario\AppData\Local\Programs\Python\Launcher\bin\javaw.exe (not found)
Check launcher:	C:\Users\Usuario\AppData\Local\Microsoft\WindowsApps\bin\javaw.exe (not found)
Check launcher:	C:\Users\Usuario\AppData\Local\Programs\Microsoft VS Code\bin\javaw.exe (not found)
Check launcher:	C:\Users\Usuario\AppData\Roaming\npm\bin\javaw.exe (not found)
Check launcher:	C:\Program Files (x86)\Java\jre-1.8\bin\javaw.exe (OK)
Version string: 1.008.000_411 / 32-Bit (Ignore)
64-bit search:	SOFTWARE\JavaSoft\Java Runtime Environment...
32-bit search:	SOFTWARE\JavaSoft\Java Runtime Environment...
Check:		SOFTWARE\JavaSoft\Java Runtime Environment\1.8
Version string: 1.008.000 / 32-Bit (Ignore)
Ignore:		1.008.000
Check:		SOFTWARE\JavaSoft\Java Runtime Environment\1.8.0_411
Version string: 1.008.000_411 / 32-Bit (Ignore)
Ignore:		1.008.000_411
64-bit search:	SOFTWARE\JavaSoft\Java Development Kit...
32-bit search:	SOFTWARE\JavaSoft\Java Development Kit...
64-bit search:	SOFTWARE\JavaSoft\JRE...
32-bit search:	SOFTWARE\JavaSoft\JRE...
64-bit search:	SOFTWARE\JavaSoft\JDK...
Check:		SOFTWARE\JavaSoft\JDK\21.0.3
Version string: 1.021.000_003 / 64-Bit (OK)
Check launcher:	C:\Program Files\Java\jdk-21\bin\javaw.exe (OK)
Match:		1.021.000_003
Runtime used:	1.021.000_003 (64-bit)
Launcher:	C:\Program Files\Java\jdk-21\bin\javaw.exe
Launcher args:	-jar "C:\Proyectos\AdminADB\out\artifacts\AdminDB_jar\tere.exe"
Args length:	63/32768 chars
Exit code:	0


Version:	3.50
CmdLine:	C:\Proyectos\AdminADB\out\artifacts\AdminDB_jar\tere.exe --l4j-debug
JNI:		No
WOW64:		Yes
Working dir:	C:\Proyectos\AdminADB\out\artifacts\AdminDB_jar\.
Requires JDK:	No
Requires 64-Bit: No
Java min ver:	1.017.000
Java max ver:	
JRE paths:	C:\Program Files\Java\jdk-21
Check launcher:	C:\Program Files\Java\jdk-21\bin\javaw.exe (OK)
Version string: 1.021.000_003 / 64-Bit (OK)
Launcher:	C:\Program Files\Java\jdk-21\bin\javaw.exe
Launcher args:	-jar "C:\Proyectos\AdminADB\out\artifacts\AdminDB_jar\tere.exe"
Args length:	63/32768 chars
Exit code:	0
